<?xml version="1.0" encoding="UTF-8"?>
<coverage generated="1600974692836" clover="3.2.0">
  <project timestamp="1600974692836" name="All files">
    <metrics statements="138" coveredstatements="125" conditionals="49" coveredconditionals="34" methods="42" coveredmethods="30" elements="229" coveredelements="189" complexity="0" loc="138" ncloc="138" packages="4" files="13" classes="13"/>
    <package name="server">
      <metrics statements="6" coveredstatements="6" conditionals="0" coveredconditionals="0" methods="0" coveredmethods="0"/>
      <file name="app.ts" path="/home/jack/git/api_and_host/src/server/app.ts">
        <metrics statements="6" coveredstatements="6" conditionals="0" coveredconditionals="0" methods="0" coveredmethods="0"/>
        <line num="1" count="5" type="stmt"/>
        <line num="2" count="5" type="stmt"/>
        <line num="4" count="5" type="stmt"/>
        <line num="7" count="5" type="stmt"/>
        <line num="8" count="5" type="stmt"/>
        <line num="10" count="5" type="stmt"/>
      </file>
    </package>
    <package name="server.controllers">
      <metrics statements="91" coveredstatements="78" conditionals="49" coveredconditionals="34" methods="42" coveredmethods="30"/>
      <file name="activitiesControllers.ts" path="/home/jack/git/api_and_host/src/server/controllers/activitiesControllers.ts">
        <metrics statements="7" coveredstatements="7" conditionals="5" coveredconditionals="4" methods="3" coveredmethods="3"/>
        <line num="1" count="5" type="stmt"/>
        <line num="2" count="5" type="stmt"/>
        <line num="96" count="5" type="stmt"/>
        <line num="97" count="4" type="cond" truecount="1" falsecount="0"/>
        <line num="98" count="2" type="cond" truecount="3" falsecount="1"/>
        <line num="100" count="2" type="stmt"/>
        <line num="105" count="5" type="stmt"/>
      </file>
      <file name="adviceControllers.ts" path="/home/jack/git/api_and_host/src/server/controllers/adviceControllers.ts">
        <metrics statements="7" coveredstatements="7" conditionals="5" coveredconditionals="4" methods="3" coveredmethods="3"/>
        <line num="1" count="5" type="stmt"/>
        <line num="2" count="5" type="stmt"/>
        <line num="92" count="5" type="stmt"/>
        <line num="93" count="4" type="cond" truecount="1" falsecount="0"/>
        <line num="94" count="2" type="cond" truecount="3" falsecount="1"/>
        <line num="96" count="2" type="stmt"/>
        <line num="101" count="5" type="stmt"/>
      </file>
      <file name="diningControllers.ts" path="/home/jack/git/api_and_host/src/server/controllers/diningControllers.ts">
        <metrics statements="7" coveredstatements="7" conditionals="5" coveredconditionals="4" methods="3" coveredmethods="3"/>
        <line num="1" count="5" type="stmt"/>
        <line num="2" count="5" type="stmt"/>
        <line num="80" count="5" type="stmt"/>
        <line num="81" count="4" type="cond" truecount="1" falsecount="0"/>
        <line num="82" count="2" type="cond" truecount="3" falsecount="1"/>
        <line num="84" count="2" type="stmt"/>
        <line num="89" count="5" type="stmt"/>
      </file>
      <file name="itinerariesControllers.ts" path="/home/jack/git/api_and_host/src/server/controllers/itinerariesControllers.ts">
        <metrics statements="10" coveredstatements="10" conditionals="7" coveredconditionals="5" methods="5" coveredmethods="5"/>
        <line num="1" count="5" type="stmt"/>
        <line num="2" count="5" type="stmt"/>
        <line num="6" count="2" type="stmt"/>
        <line num="25" count="2" type="cond" truecount="1" falsecount="1"/>
        <line num="26" count="2" type="stmt"/>
        <line num="124" count="5" type="stmt"/>
        <line num="125" count="4" type="cond" truecount="1" falsecount="0"/>
        <line num="126" count="2" type="cond" truecount="3" falsecount="1"/>
        <line num="127" count="2" type="stmt"/>
        <line num="132" count="5" type="stmt"/>
      </file>
      <file name="setupControllers.ts" path="/home/jack/git/api_and_host/src/server/controllers/setupControllers.ts">
        <metrics statements="11" coveredstatements="6" conditionals="0" coveredconditionals="0" methods="8" coveredmethods="0"/>
        <line num="1" count="6" type="stmt"/>
        <line num="2" count="0" type="stmt"/>
        <line num="4" count="6" type="stmt"/>
        <line num="5" count="0" type="stmt"/>
        <line num="7" count="6" type="stmt"/>
        <line num="8" count="0" type="stmt"/>
        <line num="10" count="6" type="stmt"/>
        <line num="11" count="0" type="stmt"/>
        <line num="13" count="6" type="stmt"/>
        <line num="14" count="0" type="stmt"/>
        <line num="16" count="6" type="stmt"/>
      </file>
      <file name="usersControllers.ts" path="/home/jack/git/api_and_host/src/server/controllers/usersControllers.ts">
        <metrics statements="49" coveredstatements="41" conditionals="27" coveredconditionals="17" methods="20" coveredmethods="16"/>
        <line num="1" count="6" type="stmt"/>
        <line num="2" count="6" type="stmt"/>
        <line num="4" count="6" type="stmt"/>
        <line num="5" count="4" type="cond" truecount="1" falsecount="0"/>
        <line num="6" count="2" type="cond" truecount="3" falsecount="1"/>
        <line num="8" count="2" type="stmt"/>
        <line num="28" count="6" type="stmt"/>
        <line num="29" count="2" type="stmt"/>
        <line num="31" count="2" type="cond" truecount="1" falsecount="1"/>
        <line num="32" count="0" type="stmt"/>
        <line num="38" count="2" type="stmt"/>
        <line num="39" count="2" type="cond" truecount="1" falsecount="1"/>
        <line num="41" count="0" type="stmt"/>
        <line num="44" count="2" type="stmt"/>
        <line num="53" count="2" type="stmt"/>
        <line num="55" count="2" type="cond" truecount="1" falsecount="1"/>
        <line num="57" count="2" type="cond" truecount="2" falsecount="0"/>
        <line num="58" count="1" type="stmt"/>
        <line num="64" count="0" type="stmt"/>
        <line num="66" count="2" type="cond" truecount="2" falsecount="0"/>
        <line num="67" count="1" type="stmt"/>
        <line num="70" count="1" type="stmt"/>
        <line num="76" count="0" type="stmt"/>
        <line num="80" count="6" type="stmt"/>
        <line num="81" count="1" type="stmt"/>
        <line num="82" count="1" type="cond" truecount="1" falsecount="1"/>
        <line num="83" count="0" type="stmt"/>
        <line num="89" count="1" type="stmt"/>
        <line num="90" count="1" type="cond" truecount="1" falsecount="1"/>
        <line num="92" count="1" type="stmt"/>
        <line num="93" count="1" type="stmt"/>
        <line num="94" count="1" type="stmt"/>
        <line num="95" count="1" type="stmt"/>
        <line num="97" count="1" type="stmt"/>
        <line num="100" count="1" type="stmt"/>
        <line num="106" count="0" type="stmt"/>
        <line num="110" count="6" type="stmt"/>
        <line num="111" count="1" type="stmt"/>
        <line num="112" count="1" type="cond" truecount="1" falsecount="1"/>
        <line num="113" count="0" type="stmt"/>
        <line num="119" count="2" type="stmt"/>
        <line num="120" count="1" type="cond" truecount="1" falsecount="1"/>
        <line num="122" count="1" type="cond" truecount="1" falsecount="1"/>
        <line num="124" count="1" type="stmt"/>
        <line num="129" count="0" type="stmt"/>
        <line num="139" count="6" type="stmt"/>
        <line num="140" count="1" type="cond" truecount="1" falsecount="1"/>
        <line num="141" count="2" type="stmt"/>
        <line num="144" count="6" type="stmt"/>
      </file>
    </package>
    <package name="server.models">
      <metrics statements="25" coveredstatements="25" conditionals="0" coveredconditionals="0" methods="0" coveredmethods="0"/>
      <file name="activities.ts" path="/home/jack/git/api_and_host/src/server/models/activities.ts">
        <metrics statements="5" coveredstatements="5" conditionals="0" coveredconditionals="0" methods="0" coveredmethods="0"/>
        <line num="1" count="5" type="stmt"/>
        <line num="2" count="5" type="stmt"/>
        <line num="4" count="5" type="stmt"/>
        <line num="26" count="5" type="stmt"/>
        <line num="27" count="5" type="stmt"/>
      </file>
      <file name="advice.ts" path="/home/jack/git/api_and_host/src/server/models/advice.ts">
        <metrics statements="5" coveredstatements="5" conditionals="0" coveredconditionals="0" methods="0" coveredmethods="0"/>
        <line num="1" count="5" type="stmt"/>
        <line num="2" count="5" type="stmt"/>
        <line num="4" count="5" type="stmt"/>
        <line num="13" count="5" type="stmt"/>
        <line num="14" count="5" type="stmt"/>
      </file>
      <file name="dining.ts" path="/home/jack/git/api_and_host/src/server/models/dining.ts">
        <metrics statements="5" coveredstatements="5" conditionals="0" coveredconditionals="0" methods="0" coveredmethods="0"/>
        <line num="1" count="5" type="stmt"/>
        <line num="2" count="5" type="stmt"/>
        <line num="4" count="5" type="stmt"/>
        <line num="25" count="5" type="stmt"/>
        <line num="26" count="5" type="stmt"/>
      </file>
      <file name="itineraries.ts" path="/home/jack/git/api_and_host/src/server/models/itineraries.ts">
        <metrics statements="5" coveredstatements="5" conditionals="0" coveredconditionals="0" methods="0" coveredmethods="0"/>
        <line num="1" count="5" type="stmt"/>
        <line num="2" count="5" type="stmt"/>
        <line num="4" count="5" type="stmt"/>
        <line num="32" count="5" type="stmt"/>
        <line num="34" count="5" type="stmt"/>
      </file>
      <file name="user.ts" path="/home/jack/git/api_and_host/src/server/models/user.ts">
        <metrics statements="5" coveredstatements="5" conditionals="0" coveredconditionals="0" methods="0" coveredmethods="0"/>
        <line num="1" count="6" type="stmt"/>
        <line num="2" count="6" type="stmt"/>
        <line num="4" count="6" type="stmt"/>
        <line num="14" count="6" type="stmt"/>
        <line num="16" count="6" type="stmt"/>
      </file>
    </package>
    <package name="server.routes">
      <metrics statements="16" coveredstatements="16" conditionals="0" coveredconditionals="0" methods="0" coveredmethods="0"/>
      <file name="index.ts" path="/home/jack/git/api_and_host/src/server/routes/index.ts">
        <metrics statements="16" coveredstatements="16" conditionals="0" coveredconditionals="0" methods="0" coveredmethods="0"/>
        <line num="1" count="5" type="stmt"/>
        <line num="3" count="5" type="stmt"/>
        <line num="5" count="5" type="stmt"/>
        <line num="6" count="5" type="stmt"/>
        <line num="7" count="5" type="stmt"/>
        <line num="8" count="5" type="stmt"/>
        <line num="9" count="5" type="stmt"/>
        <line num="19" count="5" type="stmt"/>
        <line num="20" count="5" type="stmt"/>
        <line num="21" count="5" type="stmt"/>
        <line num="22" count="5" type="stmt"/>
        <line num="27" count="5" type="stmt"/>
        <line num="35" count="5" type="stmt"/>
        <line num="43" count="5" type="stmt"/>
        <line num="51" count="5" type="stmt"/>
        <line num="57" count="5" type="stmt"/>
      </file>
    </package>
  </project>
</coverage>
