{"/home/jack/git/api_and_host/src/server/app.ts": {"path":"/home/jack/git/api_and_host/src/server/app.ts","statementMap":{"0":{"start":{"line":1,"column":0},"end":{"line":1,"column":30}},"1":{"start":{"line":2,"column":0},"end":{"line":2,"column":30}},"2":{"start":{"line":4,"column":13},"end":{"line":4,"column":29}},"3":{"start":{"line":7,"column":0},"end":{"line":7,"column":24}},"4":{"start":{"line":8,"column":0},"end":{"line":8,"column":24}},"5":{"start":{"line":10,"column":0},"end":{"line":10,"column":19}}},"fnMap":{},"branchMap":{},"s":{"0":5,"1":5,"2":5,"3":5,"4":5,"5":5},"f":{},"b":{}}
,"/home/jack/git/api_and_host/src/server/controllers/activitiesControllers.ts": {"path":"/home/jack/git/api_and_host/src/server/controllers/activitiesControllers.ts","statementMap":{"0":{"start":{"line":1,"column":0},"end":{"line":1,"column":49}},"1":{"start":{"line":2,"column":0},"end":{"line":2,"column":98}},"2":{"start":{"line":96,"column":13},"end":{"line":103,"column":2}},"3":{"start":{"line":96,"column":54},"end":{"line":103,"column":2}},"4":{"start":{"line":97,"column":2},"end":{"line":102,"column":24}},"5":{"start":{"line":98,"column":4},"end":{"line":98,"column":null}},"6":{"start":{"line":98,"column":33},"end":{"line":98,"column":57}},"7":{"start":{"line":100,"column":4},"end":{"line":100,"column":57}},"8":{"start":{"line":105,"column":0},"end":{"line":110,"column":2}}},"fnMap":{"0":{"name":"(anonymous_14)","decl":{"start":{"line":96,"column":29},"end":{"line":96,"column":36}},"loc":{"start":{"line":96,"column":54},"end":{"line":103,"column":2}}},"1":{"name":"(anonymous_15)","decl":{"start":{"line":96,"column":54},"end":{"line":96,"column":null}},"loc":{"start":{"line":96,"column":54},"end":{"line":103,"column":2}}},"2":{"name":"(anonymous_17)","decl":{"start":{"line":97,"column":31},"end":{"line":97,"column":32}},"loc":{"start":{"line":97,"column":53},"end":{"line":102,"column":3}}}},"branchMap":{"0":{"loc":{"start":{"line":97,"column":2},"end":{"line":102,"column":24}},"type":"switch","locations":[{"start":{"line":97,"column":2},"end":{"line":102,"column":24}}]},"1":{"loc":{"start":{"line":98,"column":4},"end":{"line":98,"column":null}},"type":"if","locations":[{"start":{"line":98,"column":4},"end":{"line":98,"column":null}},{"start":{"line":98,"column":4},"end":{"line":98,"column":null}}]},"2":{"loc":{"start":{"line":98,"column":8},"end":{"line":98,"column":13}},"type":"binary-expr","locations":[{"start":{"line":98,"column":8},"end":{"line":98,"column":13}},{"start":{"line":98,"column":17},"end":{"line":98,"column":29}}]}},"s":{"0":5,"1":5,"2":5,"3":2,"4":4,"5":2,"6":0,"7":2,"8":5},"f":{"0":2,"1":2,"2":2},"b":{"0":[2],"1":[0,2],"2":[2,2]}}
,"/home/jack/git/api_and_host/src/server/controllers/adviceControllers.ts": {"path":"/home/jack/git/api_and_host/src/server/controllers/adviceControllers.ts","statementMap":{"0":{"start":{"line":1,"column":0},"end":{"line":1,"column":43}},"1":{"start":{"line":2,"column":0},"end":{"line":2,"column":98}},"2":{"start":{"line":92,"column":13},"end":{"line":99,"column":2}},"3":{"start":{"line":92,"column":50},"end":{"line":99,"column":2}},"4":{"start":{"line":93,"column":2},"end":{"line":98,"column":24}},"5":{"start":{"line":94,"column":4},"end":{"line":94,"column":null}},"6":{"start":{"line":94,"column":33},"end":{"line":94,"column":57}},"7":{"start":{"line":96,"column":4},"end":{"line":96,"column":57}},"8":{"start":{"line":101,"column":0},"end":{"line":106,"column":null}}},"fnMap":{"0":{"name":"(anonymous_14)","decl":{"start":{"line":92,"column":25},"end":{"line":92,"column":32}},"loc":{"start":{"line":92,"column":50},"end":{"line":99,"column":2}}},"1":{"name":"(anonymous_15)","decl":{"start":{"line":92,"column":50},"end":{"line":92,"column":null}},"loc":{"start":{"line":92,"column":50},"end":{"line":99,"column":2}}},"2":{"name":"(anonymous_17)","decl":{"start":{"line":93,"column":29},"end":{"line":93,"column":30}},"loc":{"start":{"line":93,"column":51},"end":{"line":98,"column":3}}}},"branchMap":{"0":{"loc":{"start":{"line":93,"column":2},"end":{"line":98,"column":24}},"type":"switch","locations":[{"start":{"line":93,"column":2},"end":{"line":98,"column":24}}]},"1":{"loc":{"start":{"line":94,"column":4},"end":{"line":94,"column":null}},"type":"if","locations":[{"start":{"line":94,"column":4},"end":{"line":94,"column":null}},{"start":{"line":94,"column":4},"end":{"line":94,"column":null}}]},"2":{"loc":{"start":{"line":94,"column":8},"end":{"line":94,"column":13}},"type":"binary-expr","locations":[{"start":{"line":94,"column":8},"end":{"line":94,"column":13}},{"start":{"line":94,"column":17},"end":{"line":94,"column":29}}]}},"s":{"0":5,"1":5,"2":5,"3":2,"4":4,"5":2,"6":0,"7":2,"8":5},"f":{"0":2,"1":2,"2":2},"b":{"0":[2],"1":[0,2],"2":[2,2]}}
,"/home/jack/git/api_and_host/src/server/controllers/diningControllers.ts": {"path":"/home/jack/git/api_and_host/src/server/controllers/diningControllers.ts","statementMap":{"0":{"start":{"line":1,"column":0},"end":{"line":1,"column":42}},"1":{"start":{"line":2,"column":0},"end":{"line":2,"column":98}},"2":{"start":{"line":80,"column":13},"end":{"line":87,"column":2}},"3":{"start":{"line":80,"column":50},"end":{"line":87,"column":2}},"4":{"start":{"line":81,"column":2},"end":{"line":86,"column":24}},"5":{"start":{"line":82,"column":4},"end":{"line":82,"column":null}},"6":{"start":{"line":82,"column":33},"end":{"line":82,"column":57}},"7":{"start":{"line":84,"column":4},"end":{"line":84,"column":57}},"8":{"start":{"line":89,"column":0},"end":{"line":94,"column":2}}},"fnMap":{"0":{"name":"(anonymous_14)","decl":{"start":{"line":80,"column":25},"end":{"line":80,"column":32}},"loc":{"start":{"line":80,"column":50},"end":{"line":87,"column":2}}},"1":{"name":"(anonymous_15)","decl":{"start":{"line":80,"column":50},"end":{"line":80,"column":null}},"loc":{"start":{"line":80,"column":50},"end":{"line":87,"column":2}}},"2":{"name":"(anonymous_17)","decl":{"start":{"line":81,"column":28},"end":{"line":81,"column":29}},"loc":{"start":{"line":81,"column":50},"end":{"line":86,"column":3}}}},"branchMap":{"0":{"loc":{"start":{"line":81,"column":2},"end":{"line":86,"column":24}},"type":"switch","locations":[{"start":{"line":81,"column":2},"end":{"line":86,"column":24}}]},"1":{"loc":{"start":{"line":82,"column":4},"end":{"line":82,"column":null}},"type":"if","locations":[{"start":{"line":82,"column":4},"end":{"line":82,"column":null}},{"start":{"line":82,"column":4},"end":{"line":82,"column":null}}]},"2":{"loc":{"start":{"line":82,"column":8},"end":{"line":82,"column":13}},"type":"binary-expr","locations":[{"start":{"line":82,"column":8},"end":{"line":82,"column":13}},{"start":{"line":82,"column":17},"end":{"line":82,"column":29}}]}},"s":{"0":5,"1":5,"2":5,"3":2,"4":4,"5":2,"6":0,"7":2,"8":5},"f":{"0":2,"1":2,"2":2},"b":{"0":[2],"1":[0,2],"2":[2,2]}}
,"/home/jack/git/api_and_host/src/server/controllers/itinerariesControllers.ts": {"path":"/home/jack/git/api_and_host/src/server/controllers/itinerariesControllers.ts","statementMap":{"0":{"start":{"line":1,"column":0},"end":{"line":1,"column":51}},"1":{"start":{"line":2,"column":0},"end":{"line":2,"column":98}},"2":{"start":{"line":6,"column":1},"end":{"line":27,"column":8}},"3":{"start":{"line":25,"column":6},"end":{"line":25,"column":null}},"4":{"start":{"line":25,"column":18},"end":{"line":25,"column":42}},"5":{"start":{"line":26,"column":6},"end":{"line":26,"column":null}},"6":{"start":{"line":124,"column":13},"end":{"line":130,"column":2}},"7":{"start":{"line":124,"column":49},"end":{"line":130,"column":2}},"8":{"start":{"line":125,"column":4},"end":{"line":129,"column":24}},"9":{"start":{"line":126,"column":4},"end":{"line":126,"column":null}},"10":{"start":{"line":126,"column":33},"end":{"line":126,"column":57}},"11":{"start":{"line":127,"column":1},"end":{"line":127,"column":null}},"12":{"start":{"line":132,"column":0},"end":{"line":137,"column":2}}},"fnMap":{"0":{"name":"aggregateToItineraries","decl":{"start":{"line":4,"column":9},"end":{"line":4,"column":31}},"loc":{"start":{"line":4,"column":41},"end":{"line":28,"column":1}}},"1":{"name":"(anonymous_15)","decl":{"start":{"line":24,"column":13},"end":{"line":24,"column":14}},"loc":{"start":{"line":24,"column":35},"end":{"line":27,"column":6}}},"2":{"name":"(anonymous_16)","decl":{"start":{"line":124,"column":24},"end":{"line":124,"column":31}},"loc":{"start":{"line":124,"column":49},"end":{"line":130,"column":2}}},"3":{"name":"(anonymous_17)","decl":{"start":{"line":124,"column":49},"end":{"line":124,"column":null}},"loc":{"start":{"line":124,"column":49},"end":{"line":130,"column":2}}},"4":{"name":"(anonymous_19)","decl":{"start":{"line":125,"column":34},"end":{"line":125,"column":35}},"loc":{"start":{"line":125,"column":56},"end":{"line":129,"column":3}}}},"branchMap":{"0":{"loc":{"start":{"line":25,"column":6},"end":{"line":25,"column":null}},"type":"if","locations":[{"start":{"line":25,"column":6},"end":{"line":25,"column":null}},{"start":{"line":25,"column":6},"end":{"line":25,"column":null}}]},"1":{"loc":{"start":{"line":125,"column":4},"end":{"line":129,"column":24}},"type":"switch","locations":[{"start":{"line":125,"column":4},"end":{"line":129,"column":24}}]},"2":{"loc":{"start":{"line":126,"column":4},"end":{"line":126,"column":null}},"type":"if","locations":[{"start":{"line":126,"column":4},"end":{"line":126,"column":null}},{"start":{"line":126,"column":4},"end":{"line":126,"column":null}}]},"3":{"loc":{"start":{"line":126,"column":8},"end":{"line":126,"column":13}},"type":"binary-expr","locations":[{"start":{"line":126,"column":8},"end":{"line":126,"column":13}},{"start":{"line":126,"column":17},"end":{"line":126,"column":29}}]}},"s":{"0":5,"1":5,"2":2,"3":2,"4":0,"5":2,"6":5,"7":2,"8":4,"9":2,"10":0,"11":2,"12":5},"f":{"0":2,"1":2,"2":2,"3":2,"4":2},"b":{"0":[0,2],"1":[2],"2":[0,2],"3":[2,2]}}
,"/home/jack/git/api_and_host/src/server/controllers/setupControllers.ts": {"path":"/home/jack/git/api_and_host/src/server/controllers/setupControllers.ts","statementMap":{"0":{"start":{"line":1,"column":14},"end":{"line":2,"column":124}},"1":{"start":{"line":2,"column":16},"end":{"line":2,"column":124}},"2":{"start":{"line":4,"column":13},"end":{"line":5,"column":163}},"3":{"start":{"line":5,"column":18},"end":{"line":5,"column":163}},"4":{"start":{"line":5,"column":32},"end":{"line":5,"column":163}},"5":{"start":{"line":7,"column":13},"end":{"line":8,"column":null}},"6":{"start":{"line":8,"column":18},"end":{"line":8,"column":null}},"7":{"start":{"line":8,"column":32},"end":{"line":8,"column":null}},"8":{"start":{"line":10,"column":13},"end":{"line":11,"column":149}},"9":{"start":{"line":11,"column":18},"end":{"line":11,"column":149}},"10":{"start":{"line":11,"column":32},"end":{"line":11,"column":149}},"11":{"start":{"line":13,"column":13},"end":{"line":14,"column":132}},"12":{"start":{"line":14,"column":16},"end":{"line":14,"column":132}},"13":{"start":{"line":16,"column":0},"end":{"line":22,"column":2}}},"fnMap":{"0":{"name":"(anonymous_0)","decl":{"start":{"line":2,"column":2},"end":{"line":2,"column":3}},"loc":{"start":{"line":2,"column":11},"end":{"line":2,"column":19}}},"1":{"name":"(anonymous_1)","decl":{"start":{"line":5,"column":2},"end":{"line":5,"column":3}},"loc":{"start":{"line":5,"column":13},"end":{"line":5,"column":19}}},"2":{"name":"(anonymous_2)","decl":{"start":{"line":5,"column":18},"end":{"line":5,"column":19}},"loc":{"start":{"line":5,"column":27},"end":{"line":5,"column":35}}},"3":{"name":"(anonymous_3)","decl":{"start":{"line":8,"column":2},"end":{"line":8,"column":3}},"loc":{"start":{"line":8,"column":13},"end":{"line":8,"column":19}}},"4":{"name":"(anonymous_4)","decl":{"start":{"line":8,"column":18},"end":{"line":8,"column":19}},"loc":{"start":{"line":8,"column":27},"end":{"line":8,"column":35}}},"5":{"name":"(anonymous_5)","decl":{"start":{"line":11,"column":2},"end":{"line":11,"column":3}},"loc":{"start":{"line":11,"column":13},"end":{"line":11,"column":19}}},"6":{"name":"(anonymous_6)","decl":{"start":{"line":11,"column":18},"end":{"line":11,"column":19}},"loc":{"start":{"line":11,"column":27},"end":{"line":11,"column":35}}},"7":{"name":"(anonymous_7)","decl":{"start":{"line":14,"column":2},"end":{"line":14,"column":3}},"loc":{"start":{"line":14,"column":11},"end":{"line":14,"column":19}}}},"branchMap":{},"s":{"0":6,"1":0,"2":6,"3":0,"4":0,"5":6,"6":0,"7":0,"8":6,"9":0,"10":0,"11":6,"12":0,"13":6},"f":{"0":0,"1":0,"2":0,"3":0,"4":0,"5":0,"6":0,"7":0},"b":{}}
,"/home/jack/git/api_and_host/src/server/controllers/usersControllers.ts": {"path":"/home/jack/git/api_and_host/src/server/controllers/usersControllers.ts","statementMap":{"0":{"start":{"line":1,"column":0},"end":{"line":1,"column":39}},"1":{"start":{"line":2,"column":0},"end":{"line":2,"column":98}},"2":{"start":{"line":4,"column":13},"end":{"line":25,"column":2}},"3":{"start":{"line":4,"column":52},"end":{"line":25,"column":2}},"4":{"start":{"line":5,"column":0},"end":{"line":10,"column":24}},"5":{"start":{"line":6,"column":4},"end":{"line":6,"column":null}},"6":{"start":{"line":6,"column":33},"end":{"line":6,"column":57}},"7":{"start":{"line":8,"column":4},"end":{"line":8,"column":57}},"8":{"start":{"line":28,"column":13},"end":{"line":78,"column":2}},"9":{"start":{"line":28,"column":51},"end":{"line":78,"column":2}},"10":{"start":{"line":29,"column":8},"end":{"line":29,"column":24}},"11":{"start":{"line":31,"column":2},"end":{"line":36,"column":null}},"12":{"start":{"line":32,"column":4},"end":{"line":35,"column":7}},"13":{"start":{"line":38,"column":8},"end":{"line":38,"column":35}},"14":{"start":{"line":39,"column":2},"end":{"line":42,"column":null}},"15":{"start":{"line":41,"column":4},"end":{"line":41,"column":68}},"16":{"start":{"line":44,"column":8},"end":{"line":50,"column":null}},"17":{"start":{"line":53,"column":26},"end":{"line":64,"column":null}},"18":{"start":{"line":55,"column":6},"end":{"line":55,"column":null}},"19":{"start":{"line":55,"column":19},"end":{"line":55,"column":75}},"20":{"start":{"line":57,"column":6},"end":{"line":61,"column":null}},"21":{"start":{"line":58,"column":8},"end":{"line":60,"column":63}},"22":{"start":{"line":64,"column":27},"end":{"line":64,"column":89}},"23":{"start":{"line":53,"column":8},"end":{"line":64,"column":null}},"24":{"start":{"line":66,"column":2},"end":{"line":77,"column":null}},"25":{"start":{"line":67,"column":4},"end":{"line":76,"column":92}},"26":{"start":{"line":70,"column":8},"end":{"line":74,"column":null}},"27":{"start":{"line":76,"column":29},"end":{"line":76,"column":91}},"28":{"start":{"line":80,"column":13},"end":{"line":108,"column":2}},"29":{"start":{"line":80,"column":51},"end":{"line":108,"column":2}},"30":{"start":{"line":81,"column":8},"end":{"line":81,"column":24}},"31":{"start":{"line":82,"column":2},"end":{"line":87,"column":null}},"32":{"start":{"line":83,"column":4},"end":{"line":86,"column":7}},"33":{"start":{"line":89,"column":18},"end":{"line":107,"column":null}},"34":{"start":{"line":90,"column":4},"end":{"line":90,"column":null}},"35":{"start":{"line":90,"column":17},"end":{"line":90,"column":85}},"36":{"start":{"line":92,"column":4},"end":{"line":92,"column":24}},"37":{"start":{"line":93,"column":4},"end":{"line":93,"column":26}},"38":{"start":{"line":94,"column":4},"end":{"line":94,"column":48}},"39":{"start":{"line":95,"column":4},"end":{"line":95,"column":24}},"40":{"start":{"line":97,"column":4},"end":{"line":106,"column":96}},"41":{"start":{"line":100,"column":8},"end":{"line":104,"column":11}},"42":{"start":{"line":106,"column":29},"end":{"line":106,"column":95}},"43":{"start":{"line":89,"column":8},"end":{"line":107,"column":null}},"44":{"start":{"line":110,"column":13},"end":{"line":130,"column":2}},"45":{"start":{"line":110,"column":51},"end":{"line":130,"column":2}},"46":{"start":{"line":111,"column":8},"end":{"line":111,"column":24}},"47":{"start":{"line":112,"column":2},"end":{"line":117,"column":null}},"48":{"start":{"line":113,"column":4},"end":{"line":116,"column":7}},"49":{"start":{"line":119,"column":2},"end":{"line":129,"column":94}},"50":{"start":{"line":120,"column":4},"end":{"line":120,"column":null}},"51":{"start":{"line":120,"column":17},"end":{"line":120,"column":73}},"52":{"start":{"line":122,"column":4},"end":{"line":122,"column":null}},"53":{"start":{"line":122,"column":17},"end":{"line":122,"column":92}},"54":{"start":{"line":124,"column":4},"end":{"line":128,"column":9}},"55":{"start":{"line":129,"column":27},"end":{"line":129,"column":93}},"56":{"start":{"line":139,"column":13},"end":{"line":143,"column":2}},"57":{"start":{"line":139,"column":51},"end":{"line":143,"column":2}},"58":{"start":{"line":140,"column":2},"end":{"line":140,"column":45}},"59":{"start":{"line":140,"column":13},"end":{"line":140,"column":45}},"60":{"start":{"line":141,"column":2},"end":{"line":141,"column":31}},"61":{"start":{"line":144,"column":0},"end":{"line":144,"column":83}}},"fnMap":{"0":{"name":"(anonymous_14)","decl":{"start":{"line":4,"column":27},"end":{"line":4,"column":34}},"loc":{"start":{"line":4,"column":52},"end":{"line":25,"column":2}}},"1":{"name":"(anonymous_15)","decl":{"start":{"line":4,"column":52},"end":{"line":4,"column":null}},"loc":{"start":{"line":4,"column":52},"end":{"line":25,"column":2}}},"2":{"name":"(anonymous_17)","decl":{"start":{"line":5,"column":25},"end":{"line":5,"column":26}},"loc":{"start":{"line":5,"column":47},"end":{"line":10,"column":3}}},"3":{"name":"(anonymous_18)","decl":{"start":{"line":28,"column":26},"end":{"line":28,"column":33}},"loc":{"start":{"line":28,"column":51},"end":{"line":78,"column":2}}},"4":{"name":"(anonymous_19)","decl":{"start":{"line":28,"column":51},"end":{"line":28,"column":null}},"loc":{"start":{"line":28,"column":51},"end":{"line":78,"column":2}}},"5":{"name":"(anonymous_21)","decl":{"start":{"line":54,"column":17},"end":{"line":54,"column":18}},"loc":{"start":{"line":54,"column":47},"end":{"line":63,"column":5}}},"6":{"name":"(anonymous_22)","decl":{"start":{"line":64,"column":11},"end":{"line":64,"column":12}},"loc":{"start":{"line":64,"column":22},"end":{"line":64,"column":30}}},"7":{"name":"(anonymous_23)","decl":{"start":{"line":69,"column":12},"end":{"line":69,"column":null}},"loc":{"start":{"line":69,"column":12},"end":{"line":70,"column":11}}},"8":{"name":"(anonymous_24)","decl":{"start":{"line":76,"column":13},"end":{"line":76,"column":14}},"loc":{"start":{"line":76,"column":24},"end":{"line":76,"column":32}}},"9":{"name":"(anonymous_25)","decl":{"start":{"line":80,"column":26},"end":{"line":80,"column":33}},"loc":{"start":{"line":80,"column":51},"end":{"line":108,"column":2}}},"10":{"name":"(anonymous_26)","decl":{"start":{"line":80,"column":51},"end":{"line":80,"column":null}},"loc":{"start":{"line":80,"column":51},"end":{"line":108,"column":2}}},"11":{"name":"(anonymous_28)","decl":{"start":{"line":89,"column":63},"end":{"line":89,"column":64}},"loc":{"start":{"line":89,"column":85},"end":{"line":107,"column":3}}},"12":{"name":"(anonymous_29)","decl":{"start":{"line":99,"column":12},"end":{"line":99,"column":null}},"loc":{"start":{"line":99,"column":12},"end":{"line":105,"column":7}}},"13":{"name":"(anonymous_30)","decl":{"start":{"line":106,"column":13},"end":{"line":106,"column":14}},"loc":{"start":{"line":106,"column":24},"end":{"line":106,"column":32}}},"14":{"name":"(anonymous_31)","decl":{"start":{"line":110,"column":26},"end":{"line":110,"column":33}},"loc":{"start":{"line":110,"column":51},"end":{"line":130,"column":2}}},"15":{"name":"(anonymous_32)","decl":{"start":{"line":110,"column":51},"end":{"line":110,"column":null}},"loc":{"start":{"line":110,"column":51},"end":{"line":130,"column":2}}},"16":{"name":"(anonymous_34)","decl":{"start":{"line":119,"column":54},"end":{"line":119,"column":55}},"loc":{"start":{"line":119,"column":76},"end":{"line":129,"column":3}}},"17":{"name":"(anonymous_35)","decl":{"start":{"line":129,"column":11},"end":{"line":129,"column":12}},"loc":{"start":{"line":129,"column":22},"end":{"line":129,"column":30}}},"18":{"name":"(anonymous_36)","decl":{"start":{"line":139,"column":30},"end":{"line":139,"column":37}},"loc":{"start":{"line":139,"column":51},"end":{"line":143,"column":2}}},"19":{"name":"(anonymous_37)","decl":{"start":{"line":139,"column":51},"end":{"line":139,"column":null}},"loc":{"start":{"line":139,"column":51},"end":{"line":143,"column":2}}}},"branchMap":{"0":{"loc":{"start":{"line":5,"column":0},"end":{"line":10,"column":24}},"type":"switch","locations":[{"start":{"line":5,"column":0},"end":{"line":10,"column":24}}]},"1":{"loc":{"start":{"line":6,"column":4},"end":{"line":6,"column":null}},"type":"if","locations":[{"start":{"line":6,"column":4},"end":{"line":6,"column":null}},{"start":{"line":6,"column":4},"end":{"line":6,"column":null}}]},"2":{"loc":{"start":{"line":6,"column":8},"end":{"line":6,"column":13}},"type":"binary-expr","locations":[{"start":{"line":6,"column":8},"end":{"line":6,"column":13}},{"start":{"line":6,"column":17},"end":{"line":6,"column":29}}]},"3":{"loc":{"start":{"line":31,"column":2},"end":{"line":36,"column":null}},"type":"if","locations":[{"start":{"line":31,"column":2},"end":{"line":36,"column":null}},{"start":{"line":31,"column":2},"end":{"line":36,"column":null}}]},"4":{"loc":{"start":{"line":39,"column":2},"end":{"line":42,"column":null}},"type":"if","locations":[{"start":{"line":39,"column":2},"end":{"line":42,"column":null}},{"start":{"line":39,"column":2},"end":{"line":42,"column":null}}]},"5":{"loc":{"start":{"line":55,"column":6},"end":{"line":55,"column":null}},"type":"if","locations":[{"start":{"line":55,"column":6},"end":{"line":55,"column":null}},{"start":{"line":55,"column":6},"end":{"line":55,"column":null}}]},"6":{"loc":{"start":{"line":57,"column":6},"end":{"line":61,"column":null}},"type":"if","locations":[{"start":{"line":57,"column":6},"end":{"line":61,"column":null}},{"start":{"line":57,"column":6},"end":{"line":61,"column":null}}]},"7":{"loc":{"start":{"line":66,"column":2},"end":{"line":77,"column":null}},"type":"if","locations":[{"start":{"line":66,"column":2},"end":{"line":77,"column":null}},{"start":{"line":66,"column":2},"end":{"line":77,"column":null}}]},"8":{"loc":{"start":{"line":82,"column":2},"end":{"line":87,"column":null}},"type":"if","locations":[{"start":{"line":82,"column":2},"end":{"line":87,"column":null}},{"start":{"line":82,"column":2},"end":{"line":87,"column":null}}]},"9":{"loc":{"start":{"line":90,"column":4},"end":{"line":90,"column":null}},"type":"if","locations":[{"start":{"line":90,"column":4},"end":{"line":90,"column":null}},{"start":{"line":90,"column":4},"end":{"line":90,"column":null}}]},"10":{"loc":{"start":{"line":112,"column":2},"end":{"line":117,"column":null}},"type":"if","locations":[{"start":{"line":112,"column":2},"end":{"line":117,"column":null}},{"start":{"line":112,"column":2},"end":{"line":117,"column":null}}]},"11":{"loc":{"start":{"line":120,"column":4},"end":{"line":120,"column":null}},"type":"if","locations":[{"start":{"line":120,"column":4},"end":{"line":120,"column":null}},{"start":{"line":120,"column":4},"end":{"line":120,"column":null}}]},"12":{"loc":{"start":{"line":122,"column":4},"end":{"line":122,"column":null}},"type":"if","locations":[{"start":{"line":122,"column":4},"end":{"line":122,"column":null}},{"start":{"line":122,"column":4},"end":{"line":122,"column":null}}]},"13":{"loc":{"start":{"line":140,"column":2},"end":{"line":140,"column":45}},"type":"if","locations":[{"start":{"line":140,"column":2},"end":{"line":140,"column":45}},{"start":{"line":140,"column":2},"end":{"line":140,"column":45}}]}},"s":{"0":6,"1":6,"2":6,"3":2,"4":4,"5":2,"6":0,"7":2,"8":6,"9":2,"10":2,"11":2,"12":0,"13":2,"14":2,"15":0,"16":2,"17":2,"18":2,"19":0,"20":2,"21":1,"22":0,"23":2,"24":2,"25":1,"26":1,"27":0,"28":6,"29":1,"30":1,"31":1,"32":0,"33":1,"34":1,"35":0,"36":1,"37":1,"38":1,"39":1,"40":1,"41":1,"42":0,"43":1,"44":6,"45":1,"46":1,"47":1,"48":0,"49":2,"50":1,"51":0,"52":1,"53":0,"54":1,"55":0,"56":6,"57":1,"58":1,"59":0,"60":2,"61":6},"f":{"0":2,"1":2,"2":2,"3":2,"4":2,"5":2,"6":0,"7":1,"8":0,"9":1,"10":1,"11":1,"12":1,"13":0,"14":1,"15":1,"16":1,"17":0,"18":1,"19":1},"b":{"0":[2],"1":[0,2],"2":[2,2],"3":[0,2],"4":[0,2],"5":[0,2],"6":[1,1],"7":[1,1],"8":[0,1],"9":[0,1],"10":[0,1],"11":[0,1],"12":[0,1],"13":[0,1]}}
,"/home/jack/git/api_and_host/src/server/models/activities.ts": {"path":"/home/jack/git/api_and_host/src/server/models/activities.ts","statementMap":{"0":{"start":{"line":1,"column":0},"end":{"line":1,"column":32}},"1":{"start":{"line":2,"column":15},"end":{"line":2,"column":30}},"2":{"start":{"line":4,"column":13},"end":{"line":24,"column":2}},"3":{"start":{"line":26,"column":13},"end":{"line":26,"column":72}},"4":{"start":{"line":27,"column":0},"end":{"line":27,"column":29}}},"fnMap":{},"branchMap":{},"s":{"0":5,"1":5,"2":5,"3":5,"4":5},"f":{},"b":{}}
,"/home/jack/git/api_and_host/src/server/models/advice.ts": {"path":"/home/jack/git/api_and_host/src/server/models/advice.ts","statementMap":{"0":{"start":{"line":1,"column":0},"end":{"line":1,"column":32}},"1":{"start":{"line":2,"column":15},"end":{"line":2,"column":30}},"2":{"start":{"line":4,"column":13},"end":{"line":11,"column":2}},"3":{"start":{"line":13,"column":13},"end":{"line":13,"column":66}},"4":{"start":{"line":14,"column":0},"end":{"line":14,"column":27}}},"fnMap":{},"branchMap":{},"s":{"0":5,"1":5,"2":5,"3":5,"4":5},"f":{},"b":{}}
,"/home/jack/git/api_and_host/src/server/models/dining.ts": {"path":"/home/jack/git/api_and_host/src/server/models/dining.ts","statementMap":{"0":{"start":{"line":1,"column":0},"end":{"line":1,"column":32}},"1":{"start":{"line":2,"column":15},"end":{"line":2,"column":30}},"2":{"start":{"line":4,"column":13},"end":{"line":23,"column":2}},"3":{"start":{"line":25,"column":13},"end":{"line":25,"column":63}},"4":{"start":{"line":26,"column":0},"end":{"line":26,"column":26}}},"fnMap":{},"branchMap":{},"s":{"0":5,"1":5,"2":5,"3":5,"4":5},"f":{},"b":{}}
,"/home/jack/git/api_and_host/src/server/models/itineraries.ts": {"path":"/home/jack/git/api_and_host/src/server/models/itineraries.ts","statementMap":{"0":{"start":{"line":1,"column":0},"end":{"line":1,"column":32}},"1":{"start":{"line":2,"column":15},"end":{"line":2,"column":30}},"2":{"start":{"line":4,"column":13},"end":{"line":30,"column":2}},"3":{"start":{"line":32,"column":13},"end":{"line":32,"column":75}},"4":{"start":{"line":34,"column":0},"end":{"line":34,"column":30}}},"fnMap":{},"branchMap":{},"s":{"0":5,"1":5,"2":5,"3":5,"4":5},"f":{},"b":{}}
,"/home/jack/git/api_and_host/src/server/models/user.ts": {"path":"/home/jack/git/api_and_host/src/server/models/user.ts","statementMap":{"0":{"start":{"line":1,"column":0},"end":{"line":1,"column":32}},"1":{"start":{"line":2,"column":15},"end":{"line":2,"column":30}},"2":{"start":{"line":4,"column":13},"end":{"line":12,"column":5}},"3":{"start":{"line":14,"column":13},"end":{"line":14,"column":60}},"4":{"start":{"line":16,"column":0},"end":{"line":16,"column":25}}},"fnMap":{},"branchMap":{},"s":{"0":6,"1":6,"2":6,"3":6,"4":6},"f":{},"b":{}}
,"/home/jack/git/api_and_host/src/server/routes/index.ts": {"path":"/home/jack/git/api_and_host/src/server/routes/index.ts","statementMap":{"0":{"start":{"line":1,"column":0},"end":{"line":1,"column":29}},"1":{"start":{"line":3,"column":13},"end":{"line":3,"column":39}},"2":{"start":{"line":5,"column":0},"end":{"line":5,"column":63}},"3":{"start":{"line":6,"column":0},"end":{"line":6,"column":65}},"4":{"start":{"line":7,"column":0},"end":{"line":7,"column":65}},"5":{"start":{"line":8,"column":0},"end":{"line":8,"column":73}},"6":{"start":{"line":9,"column":0},"end":{"line":9,"column":68}},"7":{"start":{"line":19,"column":0},"end":{"line":19,"column":62}},"8":{"start":{"line":20,"column":0},"end":{"line":20,"column":64}},"9":{"start":{"line":21,"column":0},"end":{"line":21,"column":66}},"10":{"start":{"line":22,"column":0},"end":{"line":22,"column":69}},"11":{"start":{"line":27,"column":0},"end":{"line":27,"column":64}},"12":{"start":{"line":35,"column":0},"end":{"line":35,"column":64}},"13":{"start":{"line":43,"column":0},"end":{"line":43,"column":76}},"14":{"start":{"line":51,"column":0},"end":{"line":51,"column":64}},"15":{"start":{"line":57,"column":0},"end":{"line":57,"column":22}}},"fnMap":{},"branchMap":{},"s":{"0":5,"1":5,"2":5,"3":5,"4":5,"5":5,"6":5,"7":5,"8":5,"9":5,"10":5,"11":5,"12":5,"13":5,"14":5,"15":5},"f":{},"b":{}}
}
