TN:
SF:src/server/app.ts
FNF:0
FNH:0
DA:1,5
DA:2,5
DA:4,5
DA:7,5
DA:8,5
DA:10,5
LF:6
LH:6
BRF:0
BRH:0
end_of_record
TN:
SF:src/server/controllers/activitiesControllers.ts
FN:96,(anonymous_14)
FN:96,(anonymous_15)
FN:97,(anonymous_17)
FNF:3
FNH:3
FNDA:2,(anonymous_14)
FNDA:2,(anonymous_15)
FNDA:2,(anonymous_17)
DA:1,5
DA:2,5
DA:96,5
DA:97,4
DA:98,2
DA:100,2
DA:105,5
LF:7
LH:7
BRDA:97,0,0,2
BRDA:98,1,0,0
BRDA:98,1,1,2
BRDA:98,2,0,2
BRDA:98,2,1,2
BRF:5
BRH:4
end_of_record
TN:
SF:src/server/controllers/adviceControllers.ts
FN:92,(anonymous_14)
FN:92,(anonymous_15)
FN:93,(anonymous_17)
FNF:3
FNH:3
FNDA:2,(anonymous_14)
FNDA:2,(anonymous_15)
FNDA:2,(anonymous_17)
DA:1,5
DA:2,5
DA:92,5
DA:93,4
DA:94,2
DA:96,2
DA:101,5
LF:7
LH:7
BRDA:93,0,0,2
BRDA:94,1,0,0
BRDA:94,1,1,2
BRDA:94,2,0,2
BRDA:94,2,1,2
BRF:5
BRH:4
end_of_record
TN:
SF:src/server/controllers/diningControllers.ts
FN:80,(anonymous_14)
FN:80,(anonymous_15)
FN:81,(anonymous_17)
FNF:3
FNH:3
FNDA:2,(anonymous_14)
FNDA:2,(anonymous_15)
FNDA:2,(anonymous_17)
DA:1,5
DA:2,5
DA:80,5
DA:81,4
DA:82,2
DA:84,2
DA:89,5
LF:7
LH:7
BRDA:81,0,0,2
BRDA:82,1,0,0
BRDA:82,1,1,2
BRDA:82,2,0,2
BRDA:82,2,1,2
BRF:5
BRH:4
end_of_record
TN:
SF:src/server/controllers/itinerariesControllers.ts
FN:4,aggregateToItineraries
FN:24,(anonymous_15)
FN:124,(anonymous_16)
FN:124,(anonymous_17)
FN:125,(anonymous_19)
FNF:5
FNH:5
FNDA:2,aggregateToItineraries
FNDA:2,(anonymous_15)
FNDA:2,(anonymous_16)
FNDA:2,(anonymous_17)
FNDA:2,(anonymous_19)
DA:1,5
DA:2,5
DA:6,2
DA:25,2
DA:26,2
DA:124,5
DA:125,4
DA:126,2
DA:127,2
DA:132,5
LF:10
LH:10
BRDA:25,0,0,0
BRDA:25,0,1,2
BRDA:125,1,0,2
BRDA:126,2,0,0
BRDA:126,2,1,2
BRDA:126,3,0,2
BRDA:126,3,1,2
BRF:7
BRH:5
end_of_record
TN:
SF:src/server/controllers/setupControllers.ts
FN:2,(anonymous_0)
FN:5,(anonymous_1)
FN:5,(anonymous_2)
FN:8,(anonymous_3)
FN:8,(anonymous_4)
FN:11,(anonymous_5)
FN:11,(anonymous_6)
FN:14,(anonymous_7)
FNF:8
FNH:0
FNDA:0,(anonymous_0)
FNDA:0,(anonymous_1)
FNDA:0,(anonymous_2)
FNDA:0,(anonymous_3)
FNDA:0,(anonymous_4)
FNDA:0,(anonymous_5)
FNDA:0,(anonymous_6)
FNDA:0,(anonymous_7)
DA:1,6
DA:2,0
DA:4,6
DA:5,0
DA:7,6
DA:8,0
DA:10,6
DA:11,0
DA:13,6
DA:14,0
DA:16,6
LF:11
LH:6
BRF:0
BRH:0
end_of_record
TN:
SF:src/server/controllers/usersControllers.ts
FN:4,(anonymous_14)
FN:4,(anonymous_15)
FN:5,(anonymous_17)
FN:28,(anonymous_18)
FN:28,(anonymous_19)
FN:54,(anonymous_21)
FN:64,(anonymous_22)
FN:69,(anonymous_23)
FN:76,(anonymous_24)
FN:80,(anonymous_25)
FN:80,(anonymous_26)
FN:89,(anonymous_28)
FN:99,(anonymous_29)
FN:106,(anonymous_30)
FN:110,(anonymous_31)
FN:110,(anonymous_32)
FN:119,(anonymous_34)
FN:129,(anonymous_35)
FN:139,(anonymous_36)
FN:139,(anonymous_37)
FNF:20
FNH:16
FNDA:2,(anonymous_14)
FNDA:2,(anonymous_15)
FNDA:2,(anonymous_17)
FNDA:2,(anonymous_18)
FNDA:2,(anonymous_19)
FNDA:2,(anonymous_21)
FNDA:0,(anonymous_22)
FNDA:1,(anonymous_23)
FNDA:0,(anonymous_24)
FNDA:1,(anonymous_25)
FNDA:1,(anonymous_26)
FNDA:1,(anonymous_28)
FNDA:1,(anonymous_29)
FNDA:0,(anonymous_30)
FNDA:1,(anonymous_31)
FNDA:1,(anonymous_32)
FNDA:1,(anonymous_34)
FNDA:0,(anonymous_35)
FNDA:1,(anonymous_36)
FNDA:1,(anonymous_37)
DA:1,6
DA:2,6
DA:4,6
DA:5,4
DA:6,2
DA:8,2
DA:28,6
DA:29,2
DA:31,2
DA:32,0
DA:38,2
DA:39,2
DA:41,0
DA:44,2
DA:53,2
DA:55,2
DA:57,2
DA:58,1
DA:64,0
DA:66,2
DA:67,1
DA:70,1
DA:76,0
DA:80,6
DA:81,1
DA:82,1
DA:83,0
DA:89,1
DA:90,1
DA:92,1
DA:93,1
DA:94,1
DA:95,1
DA:97,1
DA:100,1
DA:106,0
DA:110,6
DA:111,1
DA:112,1
DA:113,0
DA:119,2
DA:120,1
DA:122,1
DA:124,1
DA:129,0
DA:139,6
DA:140,1
DA:141,2
DA:144,6
LF:49
LH:41
BRDA:5,0,0,2
BRDA:6,1,0,0
BRDA:6,1,1,2
BRDA:6,2,0,2
BRDA:6,2,1,2
BRDA:31,3,0,0
BRDA:31,3,1,2
BRDA:39,4,0,0
BRDA:39,4,1,2
BRDA:55,5,0,0
BRDA:55,5,1,2
BRDA:57,6,0,1
BRDA:57,6,1,1
BRDA:66,7,0,1
BRDA:66,7,1,1
BRDA:82,8,0,0
BRDA:82,8,1,1
BRDA:90,9,0,0
BRDA:90,9,1,1
BRDA:112,10,0,0
BRDA:112,10,1,1
BRDA:120,11,0,0
BRDA:120,11,1,1
BRDA:122,12,0,0
BRDA:122,12,1,1
BRDA:140,13,0,0
BRDA:140,13,1,1
BRF:27
BRH:17
end_of_record
TN:
SF:src/server/models/activities.ts
FNF:0
FNH:0
DA:1,5
DA:2,5
DA:4,5
DA:26,5
DA:27,5
LF:5
LH:5
BRF:0
BRH:0
end_of_record
TN:
SF:src/server/models/advice.ts
FNF:0
FNH:0
DA:1,5
DA:2,5
DA:4,5
DA:13,5
DA:14,5
LF:5
LH:5
BRF:0
BRH:0
end_of_record
TN:
SF:src/server/models/dining.ts
FNF:0
FNH:0
DA:1,5
DA:2,5
DA:4,5
DA:25,5
DA:26,5
LF:5
LH:5
BRF:0
BRH:0
end_of_record
TN:
SF:src/server/models/itineraries.ts
FNF:0
FNH:0
DA:1,5
DA:2,5
DA:4,5
DA:32,5
DA:34,5
LF:5
LH:5
BRF:0
BRH:0
end_of_record
TN:
SF:src/server/models/user.ts
FNF:0
FNH:0
DA:1,6
DA:2,6
DA:4,6
DA:14,6
DA:16,6
LF:5
LH:5
BRF:0
BRH:0
end_of_record
TN:
SF:src/server/routes/index.ts
FNF:0
FNH:0
DA:1,5
DA:3,5
DA:5,5
DA:6,5
DA:7,5
DA:8,5
DA:9,5
DA:19,5
DA:20,5
DA:21,5
DA:22,5
DA:27,5
DA:35,5
DA:43,5
DA:51,5
DA:57,5
LF:16
LH:16
BRF:0
BRH:0
end_of_record
